<?xml version="1.0" encoding="UTF-8"?>
<!-- Generated by org.testng.reporters.JUnitXMLReporter -->
<testsuite hostname="ELF34-KiranGowdaH" ignored="52" name="Default test" tests="27" failures="2" timestamp="20 Jun 2022 06:03:49 GMT" time="399.577" errors="0">
  <testcase name="testScript3" time="1.888" classname="test_Scripts.TestScript3"/>
  <testcase name="testScript8" time="5.437" classname="test_Scripts.TestScript12"/>
  <testcase name="testScript1" time="1.856" classname="test_Scripts.TestScript1"/>
  <testcase name="testScript10" time="6.552" classname="test_Scripts.TestScript10"/>
  <testcase name="testScript13" time="25.715" classname="test_Scripts.TestScript26"/>
  <testcase name="testScript9" time="5.973" classname="test_Scripts.TestScript9"/>
  <testcase name="testScript18" time="1.434" classname="test_Scripts.TestScript18"/>
  <testcase name="testScript3" time="11.049" classname="test_Scripts.TestScript16"/>
  <testcase name="testScript20" time="0.026" classname="test_Scripts.TestScript23">
    <failure type="org.testng.internal.reflect.MethodMatcherException" message="
Data provider mismatch
Method: testScript20([Parameter{index=0, type=java.lang.String, declaredAnnotations=[]}, Parameter{index=1, type=java.lang.String, declaredAnnotations=[]}])
Arguments: [(java.lang.String)M,(java.lang.String)Kiran,(java.lang.String)Gowda,(java.lang.String)Kiranh133262@gmail.com,(java.lang.String)a111111,(java.lang.String)a111111]">
      <![CDATA[org.testng.internal.reflect.MethodMatcherException: 
Data provider mismatch
Method: testScript20([Parameter{index=0, type=java.lang.String, declaredAnnotations=[]}, Parameter{index=1, type=java.lang.String, declaredAnnotations=[]}])
Arguments: [(java.lang.String)M,(java.lang.String)Kiran,(java.lang.String)Gowda,(java.lang.String)Kiranh133262@gmail.com,(java.lang.String)a111111,(java.lang.String)a111111]
	at org.testng.internal.reflect.DataProviderMethodMatcher.getConformingArguments(DataProviderMethodMatcher.java:49)
	at org.testng.internal.Invoker.injectParameters(Invoker.java:1293)
	at org.testng.internal.Invoker.invokeTestMethods(Invoker.java:1187)
	at org.testng.internal.TestMethodWorker.invokeTestMethods(TestMethodWorker.java:126)
	at org.testng.internal.TestMethodWorker.run(TestMethodWorker.java:109)
	at org.testng.TestRunner.privateRun(TestRunner.java:744)
	at org.testng.TestRunner.run(TestRunner.java:602)
	at org.testng.SuiteRunner.runTest(SuiteRunner.java:380)
	at org.testng.SuiteRunner.runSequentially(SuiteRunner.java:375)
	at org.testng.SuiteRunner.privateRun(SuiteRunner.java:340)
	at org.testng.SuiteRunner.run(SuiteRunner.java:289)
	at org.testng.SuiteRunnerWorker.runSuite(SuiteRunnerWorker.java:52)
	at org.testng.SuiteRunnerWorker.run(SuiteRunnerWorker.java:86)
	at org.testng.TestNG.runSuitesSequentially(TestNG.java:1301)
	at org.testng.TestNG.runSuitesLocally(TestNG.java:1226)
	at org.testng.TestNG.runSuites(TestNG.java:1144)
	at org.testng.TestNG.run(TestNG.java:1115)
	at org.testng.remote.AbstractRemoteTestNG.run(AbstractRemoteTestNG.java:132)
	at org.testng.remote.RemoteTestNG.initAndRun(RemoteTestNG.java:230)
	at org.testng.remote.RemoteTestNG.main(RemoteTestNG.java:76)
]]>
    </failure>
  </testcase> <!-- testScript20 -->
  <testcase name="sample" time="0.001" classname="test_Scripts.SampleTest"/>
  <testcase name="testScript20" time="11.289" classname="test_Scripts.TestScript21"/>
  <testcase name="testScript6" time="7.044" classname="test_Scripts.TestScript7"/>
  <testcase name="testScript3" time="10.69" classname="test_Scripts.TestScript5"/>
  <testcase name="testScript13" time="6.313" classname="test_Scripts.TestScript14"/>
  <testcase name="testScript10" time="7.971" classname="test_Scripts.TestScript11"/>
  <testcase name="testScript2" time="2.679" classname="test_Scripts.TestScript2"/>
  <testcase name="testScript20" time="12.196" classname="test_Scripts.TestScript25"/>
  <testcase name="testScript24" time="0.024" classname="test_Scripts.TestScript24">
    <failure type="org.testng.internal.reflect.MethodMatcherException" message="
Data provider mismatch
Method: testScript24([Parameter{index=0, type=java.lang.String, declaredAnnotations=[]}, Parameter{index=1, type=java.lang.String, declaredAnnotations=[]}])
Arguments: [(java.lang.String)M,(java.lang.String)Kiran,(java.lang.String)Gowda,(java.lang.String)Kiranh133262@gmail.com,(java.lang.String)a111111,(java.lang.String)a111111]">
      <![CDATA[org.testng.internal.reflect.MethodMatcherException: 
Data provider mismatch
Method: testScript24([Parameter{index=0, type=java.lang.String, declaredAnnotations=[]}, Parameter{index=1, type=java.lang.String, declaredAnnotations=[]}])
Arguments: [(java.lang.String)M,(java.lang.String)Kiran,(java.lang.String)Gowda,(java.lang.String)Kiranh133262@gmail.com,(java.lang.String)a111111,(java.lang.String)a111111]
	at org.testng.internal.reflect.DataProviderMethodMatcher.getConformingArguments(DataProviderMethodMatcher.java:49)
	at org.testng.internal.Invoker.injectParameters(Invoker.java:1293)
	at org.testng.internal.Invoker.invokeTestMethods(Invoker.java:1187)
	at org.testng.internal.TestMethodWorker.invokeTestMethods(TestMethodWorker.java:126)
	at org.testng.internal.TestMethodWorker.run(TestMethodWorker.java:109)
	at org.testng.TestRunner.privateRun(TestRunner.java:744)
	at org.testng.TestRunner.run(TestRunner.java:602)
	at org.testng.SuiteRunner.runTest(SuiteRunner.java:380)
	at org.testng.SuiteRunner.runSequentially(SuiteRunner.java:375)
	at org.testng.SuiteRunner.privateRun(SuiteRunner.java:340)
	at org.testng.SuiteRunner.run(SuiteRunner.java:289)
	at org.testng.SuiteRunnerWorker.runSuite(SuiteRunnerWorker.java:52)
	at org.testng.SuiteRunnerWorker.run(SuiteRunnerWorker.java:86)
	at org.testng.TestNG.runSuitesSequentially(TestNG.java:1301)
	at org.testng.TestNG.runSuitesLocally(TestNG.java:1226)
	at org.testng.TestNG.runSuites(TestNG.java:1144)
	at org.testng.TestNG.run(TestNG.java:1115)
	at org.testng.remote.AbstractRemoteTestNG.run(AbstractRemoteTestNG.java:132)
	at org.testng.remote.RemoteTestNG.initAndRun(RemoteTestNG.java:230)
	at org.testng.remote.RemoteTestNG.main(RemoteTestNG.java:76)
]]>
    </failure>
  </testcase> <!-- testScript24 -->
  <testcase name="testScript8" time="8.306" classname="test_Scripts.TestScript19"/>
  <testcase name="testScript20" time="8.671" classname="test_Scripts.TestScript22"/>
  <testcase name="testScript8" time="6.06" classname="test_Scripts.TestScript8"/>
  <testcase name="testScript10" time="1.006" classname="test_Scripts.TestScript17"/>
  <testcase name="testScript20" time="12.888" classname="test_Scripts.TestScript20"/>
  <testcase name="testScript6" time="7.595" classname="test_Scripts.TestScript6"/>
  <testcase name="testScript13" time="7.091" classname="test_Scripts.TestScript15"/>
  <testcase name="testScript3" time="8.629" classname="test_Scripts.TestScript4"/>
  <testcase name="testScript13" time="6.776" classname="test_Scripts.TestScript13"/>
  <testcase name="@AfterSuite afterSuite" time="0.0" classname="generic.Base_Test">
    <ignored/>
  </testcase> <!-- @AfterSuite afterSuite -->
  <testcase name="@AfterSuite afterSuite" time="0.0" classname="generic.Base_Test">
    <ignored/>
  </testcase> <!-- @AfterSuite afterSuite -->
  <testcase name="@AfterSuite afterSuite" time="0.0" classname="generic.Base_Test">
    <ignored/>
  </testcase> <!-- @AfterSuite afterSuite -->
  <testcase name="@AfterSuite afterSuite" time="0.0" classname="generic.Base_Test">
    <ignored/>
  </testcase> <!-- @AfterSuite afterSuite -->
  <testcase name="@AfterSuite afterSuite" time="0.0" classname="generic.Base_Test">
    <ignored/>
  </testcase> <!-- @AfterSuite afterSuite -->
  <testcase name="@AfterSuite afterSuite" time="0.0" classname="generic.Base_Test">
    <ignored/>
  </testcase> <!-- @AfterSuite afterSuite -->
  <testcase name="@AfterSuite afterSuite" time="0.0" classname="generic.Base_Test">
    <ignored/>
  </testcase> <!-- @AfterSuite afterSuite -->
  <testcase name="@AfterSuite afterSuite" time="0.0" classname="generic.Base_Test">
    <ignored/>
  </testcase> <!-- @AfterSuite afterSuite -->
  <testcase name="@AfterSuite afterSuite" time="0.0" classname="generic.Base_Test">
    <ignored/>
  </testcase> <!-- @AfterSuite afterSuite -->
  <testcase name="@AfterSuite afterSuite" time="0.0" classname="generic.Base_Test">
    <ignored/>
  </testcase> <!-- @AfterSuite afterSuite -->
  <testcase name="@AfterSuite afterSuite" time="0.0" classname="generic.Base_Test">
    <ignored/>
  </testcase> <!-- @AfterSuite afterSuite -->
  <testcase name="@AfterSuite afterSuite" time="0.0" classname="generic.Base_Test">
    <ignored/>
  </testcase> <!-- @AfterSuite afterSuite -->
  <testcase name="@AfterSuite afterSuite" time="0.0" classname="generic.Base_Test">
    <ignored/>
  </testcase> <!-- @AfterSuite afterSuite -->
  <testcase name="@AfterSuite afterSuite" time="0.0" classname="generic.Base_Test">
    <ignored/>
  </testcase> <!-- @AfterSuite afterSuite -->
  <testcase name="@AfterSuite afterSuite" time="0.0" classname="generic.Base_Test">
    <ignored/>
  </testcase> <!-- @AfterSuite afterSuite -->
  <testcase name="@AfterSuite afterSuite" time="0.0" classname="generic.Base_Test">
    <ignored/>
  </testcase> <!-- @AfterSuite afterSuite -->
  <testcase name="@AfterSuite afterSuite" time="0.0" classname="generic.Base_Test">
    <ignored/>
  </testcase> <!-- @AfterSuite afterSuite -->
  <testcase name="@AfterSuite afterSuite" time="0.0" classname="generic.Base_Test">
    <ignored/>
  </testcase> <!-- @AfterSuite afterSuite -->
  <testcase name="@AfterSuite afterSuite" time="0.0" classname="generic.Base_Test">
    <ignored/>
  </testcase> <!-- @AfterSuite afterSuite -->
  <testcase name="@AfterSuite afterSuite" time="0.0" classname="generic.Base_Test">
    <ignored/>
  </testcase> <!-- @AfterSuite afterSuite -->
  <testcase name="@AfterSuite afterSuite" time="0.0" classname="generic.Base_Test">
    <ignored/>
  </testcase> <!-- @AfterSuite afterSuite -->
  <testcase name="@AfterSuite afterSuite" time="0.0" classname="generic.Base_Test">
    <ignored/>
  </testcase> <!-- @AfterSuite afterSuite -->
  <testcase name="@AfterSuite afterSuite" time="0.0" classname="generic.Base_Test">
    <ignored/>
  </testcase> <!-- @AfterSuite afterSuite -->
  <testcase name="@AfterSuite afterSuite" time="0.0" classname="generic.Base_Test">
    <ignored/>
  </testcase> <!-- @AfterSuite afterSuite -->
  <testcase name="@AfterSuite afterSuite" time="0.0" classname="generic.Base_Test">
    <ignored/>
  </testcase> <!-- @AfterSuite afterSuite -->
  <testcase name="@AfterSuite afterSuite" time="0.0" classname="generic.Base_Test">
    <ignored/>
  </testcase> <!-- @AfterSuite afterSuite -->
  <testcase name="@BeforeSuite beforeSuit" time="0.0" classname="generic.Base_Test">
    <ignored/>
  </testcase> <!-- @BeforeSuite beforeSuit -->
  <testcase name="@BeforeSuite beforeSuit" time="0.0" classname="generic.Base_Test">
    <ignored/>
  </testcase> <!-- @BeforeSuite beforeSuit -->
  <testcase name="@BeforeSuite beforeSuit" time="0.0" classname="generic.Base_Test">
    <ignored/>
  </testcase> <!-- @BeforeSuite beforeSuit -->
  <testcase name="@BeforeSuite beforeSuit" time="0.0" classname="generic.Base_Test">
    <ignored/>
  </testcase> <!-- @BeforeSuite beforeSuit -->
  <testcase name="@BeforeSuite beforeSuit" time="0.0" classname="generic.Base_Test">
    <ignored/>
  </testcase> <!-- @BeforeSuite beforeSuit -->
  <testcase name="@BeforeSuite beforeSuit" time="0.0" classname="generic.Base_Test">
    <ignored/>
  </testcase> <!-- @BeforeSuite beforeSuit -->
  <testcase name="@BeforeSuite beforeSuit" time="0.0" classname="generic.Base_Test">
    <ignored/>
  </testcase> <!-- @BeforeSuite beforeSuit -->
  <testcase name="@BeforeSuite beforeSuit" time="0.0" classname="generic.Base_Test">
    <ignored/>
  </testcase> <!-- @BeforeSuite beforeSuit -->
  <testcase name="@BeforeSuite beforeSuit" time="0.0" classname="generic.Base_Test">
    <ignored/>
  </testcase> <!-- @BeforeSuite beforeSuit -->
  <testcase name="@BeforeSuite beforeSuit" time="0.0" classname="generic.Base_Test">
    <ignored/>
  </testcase> <!-- @BeforeSuite beforeSuit -->
  <testcase name="@BeforeSuite beforeSuit" time="0.0" classname="generic.Base_Test">
    <ignored/>
  </testcase> <!-- @BeforeSuite beforeSuit -->
  <testcase name="@BeforeSuite beforeSuit" time="0.0" classname="generic.Base_Test">
    <ignored/>
  </testcase> <!-- @BeforeSuite beforeSuit -->
  <testcase name="@BeforeSuite beforeSuit" time="0.0" classname="generic.Base_Test">
    <ignored/>
  </testcase> <!-- @BeforeSuite beforeSuit -->
  <testcase name="@BeforeSuite beforeSuit" time="0.0" classname="generic.Base_Test">
    <ignored/>
  </testcase> <!-- @BeforeSuite beforeSuit -->
  <testcase name="@BeforeSuite beforeSuit" time="0.0" classname="generic.Base_Test">
    <ignored/>
  </testcase> <!-- @BeforeSuite beforeSuit -->
  <testcase name="@BeforeSuite beforeSuit" time="0.0" classname="generic.Base_Test">
    <ignored/>
  </testcase> <!-- @BeforeSuite beforeSuit -->
  <testcase name="@BeforeSuite beforeSuit" time="0.0" classname="generic.Base_Test">
    <ignored/>
  </testcase> <!-- @BeforeSuite beforeSuit -->
  <testcase name="@BeforeSuite beforeSuit" time="0.0" classname="generic.Base_Test">
    <ignored/>
  </testcase> <!-- @BeforeSuite beforeSuit -->
  <testcase name="@BeforeSuite beforeSuit" time="0.0" classname="generic.Base_Test">
    <ignored/>
  </testcase> <!-- @BeforeSuite beforeSuit -->
  <testcase name="@BeforeSuite beforeSuit" time="0.0" classname="generic.Base_Test">
    <ignored/>
  </testcase> <!-- @BeforeSuite beforeSuit -->
  <testcase name="@BeforeSuite beforeSuit" time="0.0" classname="generic.Base_Test">
    <ignored/>
  </testcase> <!-- @BeforeSuite beforeSuit -->
  <testcase name="@BeforeSuite beforeSuit" time="0.0" classname="generic.Base_Test">
    <ignored/>
  </testcase> <!-- @BeforeSuite beforeSuit -->
  <testcase name="@BeforeSuite beforeSuit" time="0.0" classname="generic.Base_Test">
    <ignored/>
  </testcase> <!-- @BeforeSuite beforeSuit -->
  <testcase name="@BeforeSuite beforeSuit" time="0.0" classname="generic.Base_Test">
    <ignored/>
  </testcase> <!-- @BeforeSuite beforeSuit -->
  <testcase name="@BeforeSuite beforeSuit" time="0.0" classname="generic.Base_Test">
    <ignored/>
  </testcase> <!-- @BeforeSuite beforeSuit -->
  <testcase name="@BeforeSuite beforeSuit" time="0.0" classname="generic.Base_Test">
    <ignored/>
  </testcase> <!-- @BeforeSuite beforeSuit -->
</testsuite> <!-- Default test -->
